<?xml version="1.0" encoding="UTF-8"?>
<testng-results ignored="0" total="3" passed="3" failed="0" skipped="0">
  <reporter-output>
  </reporter-output>
  <suite started-at="2025-05-11T07:34:45 PDT" name="Suite" finished-at="2025-05-11T07:34:51 PDT" duration-ms="6211">
    <groups>
    </groups>
    <test started-at="2025-05-11T07:34:45 PDT" name="Test" finished-at="2025-05-11T07:34:51 PDT" duration-ms="6211">
      <class name="com.test.OrangeHRMTest">
        <test-method signature="Login()[pri:0, instance:com.test.OrangeHRMTest@130161f7]" started-at="2025-05-11T07:34:45 PDT" name="Login" finished-at="2025-05-11T07:34:48 PDT" duration-ms="3106" status="PASS">
          <reporter-output>
          </reporter-output>
        </test-method> <!-- Login -->
        <test-method signature="testAdmin()[pri:0, instance:com.test.OrangeHRMTest@130161f7]" started-at="2025-05-11T07:34:48 PDT" name="testAdmin" finished-at="2025-05-11T07:34:50 PDT" duration-ms="1832" status="PASS">
          <reporter-output>
          </reporter-output>
        </test-method> <!-- testAdmin -->
        <test-method signature="testLogout()[pri:0, instance:com.test.OrangeHRMTest@130161f7]" started-at="2025-05-11T07:34:50 PDT" name="testLogout" finished-at="2025-05-11T07:34:51 PDT" duration-ms="1231" status="PASS">
          <reporter-output>
          </reporter-output>
        </test-method> <!-- testLogout -->
      </class> <!-- com.test.OrangeHRMTest -->
    </test> <!-- Test -->
  </suite> <!-- Suite -->
</testng-results>
