<?xml version="1.0" encoding="UTF-8"?>
<!-- Generated by org.testng.reporters.JUnitXMLReporter -->
<testsuite ignored="2" hostname="LAPTOP-6A3TN1OQ" failures="0" tests="2" name="Test" time="0.07" errors="0" timestamp="2025-05-10T23:36:15 PDT">
  <testcase classname="testNGDemo.PriorityDemo" name="test1" time="0.01"/>
  <testcase classname="testNGDemo.PriorityDemo" name="test2" time="0.002"/>
  <testcase classname="testNGDemo.PriorityDemo" name="test4" time="0.0">
    <ignored/>
  </testcase> <!-- test4 -->
  <testcase classname="testNGDemo.PriorityDemo" name="test3" time="0.0">
    <ignored/>
  </testcase> <!-- test3 -->
</testsuite> <!-- Test -->
