<?xml version="1.0" encoding="UTF-8"?>
<testng-results ignored="2" total="4" passed="2" failed="0" skipped="0">
  <reporter-output>
  </reporter-output>
  <suite started-at="2025-05-10T23:36:15 PDT" name="Suite" finished-at="2025-05-10T23:36:15 PDT" duration-ms="70">
    <groups>
      <group name="Login">
        <method signature="PriorityDemo.test1()[pri:0, instance:testNGDemo.PriorityDemo@13c9d689]" name="test1" class="testNGDemo.PriorityDemo"/>
        <method signature="PriorityDemo.test2()[pri:0, instance:testNGDemo.PriorityDemo@13c9d689]" name="test2" class="testNGDemo.PriorityDemo"/>
      </group> <!-- Login -->
    </groups>
    <test started-at="2025-05-10T23:36:15 PDT" name="Test" finished-at="2025-05-10T23:36:15 PDT" duration-ms="70">
      <class name="testNGDemo.PriorityDemo">
        <test-method signature="test1()[pri:0, instance:testNGDemo.PriorityDemo@13c9d689]" started-at="2025-05-10T23:36:15 PDT" name="test1" finished-at="2025-05-10T23:36:15 PDT" duration-ms="10" status="PASS">
          <reporter-output>
          </reporter-output>
        </test-method> <!-- test1 -->
        <test-method signature="test2()[pri:0, instance:testNGDemo.PriorityDemo@13c9d689]" started-at="2025-05-10T23:36:15 PDT" name="test2" finished-at="2025-05-10T23:36:15 PDT" duration-ms="2" status="PASS">
          <reporter-output>
          </reporter-output>
        </test-method> <!-- test2 -->
      </class> <!-- testNGDemo.PriorityDemo -->
    </test> <!-- Test -->
  </suite> <!-- Suite -->
</testng-results>
