<?xml version="1.0" encoding="UTF-8"?>
<testng-results ignored="0" total="3" passed="3" failed="0" skipped="0">
  <reporter-output>
  </reporter-output>
  <suite started-at="2025-05-21T14:56:50 PDT" name="Suite" finished-at="2025-05-21T14:57:15 PDT" duration-ms="25271">
    <groups>
    </groups>
    <test started-at="2025-05-21T14:56:50 PDT" name="Test" finished-at="2025-05-21T14:57:15 PDT" duration-ms="25271">
      <class name="com.oranghrm.test.LoginPageTest">
        <test-method is-config="true" signature="setUpSuite()[pri:0, instance:com.oranghrm.test.LoginPageTest@26794848]" started-at="2025-05-21T14:56:50 PDT" name="setUpSuite" finished-at="2025-05-21T14:56:50 PDT" duration-ms="218" status="PASS">
          <reporter-output>
          </reporter-output>
        </test-method> <!-- setUpSuite -->
        <test-method is-config="true" signature="initDriver()[pri:0, instance:com.oranghrm.test.LoginPageTest@26794848]" started-at="2025-05-21T14:56:50 PDT" name="initDriver" finished-at="2025-05-21T14:56:56 PDT" duration-ms="5729" status="PASS">
          <reporter-output>
          </reporter-output>
        </test-method> <!-- initDriver -->
        <test-method is-config="true" signature="setUp()[pri:0, instance:com.oranghrm.test.LoginPageTest@26794848]" started-at="2025-05-21T14:56:56 PDT" name="setUp" finished-at="2025-05-21T14:56:56 PDT" duration-ms="461" status="PASS">
          <reporter-output>
          </reporter-output>
        </test-method> <!-- setUp -->
        <test-method is-config="true" signature="startTest(java.lang.reflect.Method)[pri:0, instance:com.oranghrm.test.LoginPageTest@26794848]" started-at="2025-05-21T14:56:56 PDT" name="startTest" finished-at="2025-05-21T14:56:56 PDT" duration-ms="12" status="PASS">
          <params>
            <param index="0">
              <value>
                <![CDATA[public void com.oranghrm.test.LoginPageTest.loginToApplication() throws java.io.IOException]]>
              </value>
            </param>
          </params>
          <reporter-output>
          </reporter-output>
        </test-method> <!-- startTest -->
        <test-method signature="loginToApplication()[pri:0, instance:com.oranghrm.test.LoginPageTest@26794848]" started-at="2025-05-21T14:56:56 PDT" name="loginToApplication" finished-at="2025-05-21T14:56:58 PDT" duration-ms="1740" status="PASS">
          <reporter-output>
          </reporter-output>
        </test-method> <!-- loginToApplication -->
        <test-method is-config="true" signature="tearDown()[pri:0, instance:com.oranghrm.test.LoginPageTest@26794848]" started-at="2025-05-21T14:56:58 PDT" name="tearDown" finished-at="2025-05-21T14:56:59 PDT" duration-ms="202" status="PASS">
          <reporter-output>
          </reporter-output>
        </test-method> <!-- tearDown -->
      </class> <!-- com.oranghrm.test.LoginPageTest -->
      <class name="com.oranghrm.test.AdminPageTest">
        <test-method is-config="true" signature="initDriver()[pri:0, instance:com.oranghrm.test.AdminPageTest@d35dea7]" started-at="2025-05-21T14:57:07 PDT" name="initDriver" finished-at="2025-05-21T14:57:11 PDT" duration-ms="3814" status="PASS">
          <reporter-output>
          </reporter-output>
        </test-method> <!-- initDriver -->
        <test-method signature="loginClickAdminAndLogout()[pri:0, instance:com.oranghrm.test.AdminPageTest@d35dea7]" started-at="2025-05-21T14:57:11 PDT" name="loginClickAdminAndLogout" finished-at="2025-05-21T14:57:15 PDT" duration-ms="4263" status="PASS">
          <reporter-output>
          </reporter-output>
        </test-method> <!-- loginClickAdminAndLogout -->
        <test-method is-config="true" signature="tearDown()[pri:0, instance:com.oranghrm.test.AdminPageTest@d35dea7]" started-at="2025-05-21T14:57:15 PDT" name="tearDown" finished-at="2025-05-21T14:57:15 PDT" duration-ms="219" status="PASS">
          <reporter-output>
          </reporter-output>
        </test-method> <!-- tearDown -->
      </class> <!-- com.oranghrm.test.AdminPageTest -->
      <class name="com.oranghrm.test.HomePageTest">
        <test-method is-config="true" signature="setupSuite()[pri:0, instance:com.oranghrm.test.HomePageTest@247bddad]" started-at="2025-05-21T14:56:50 PDT" name="setupSuite" finished-at="2025-05-21T14:56:50 PDT" depends-on-methods="com.oranghrm.test.BaseTest.setUpSuite" duration-ms="0" status="PASS">
          <reporter-output>
          </reporter-output>
        </test-method> <!-- setupSuite -->
        <test-method is-config="true" signature="initDriver()[pri:0, instance:com.oranghrm.test.HomePageTest@247bddad]" started-at="2025-05-21T14:56:59 PDT" name="initDriver" finished-at="2025-05-21T14:57:01 PDT" duration-ms="2818" status="PASS">
          <reporter-output>
          </reporter-output>
        </test-method> <!-- initDriver -->
        <test-method is-config="true" signature="doLogin(java.lang.reflect.Method)[pri:0, instance:com.oranghrm.test.HomePageTest@247bddad]" started-at="2025-05-21T14:57:01 PDT" name="doLogin" finished-at="2025-05-21T14:57:04 PDT" duration-ms="2762" status="PASS">
          <params>
            <param index="0">
              <value>
                <![CDATA[public void com.oranghrm.test.HomePageTest.logOutFromApplication() throws java.io.IOException]]>
              </value>
            </param>
          </params>
          <reporter-output>
          </reporter-output>
        </test-method> <!-- doLogin -->
        <test-method signature="logOutFromApplication()[pri:0, instance:com.oranghrm.test.HomePageTest@247bddad]" started-at="2025-05-21T14:57:04 PDT" name="logOutFromApplication" finished-at="2025-05-21T14:57:06 PDT" duration-ms="2092" status="PASS">
          <reporter-output>
          </reporter-output>
        </test-method> <!-- logOutFromApplication -->
        <test-method is-config="true" signature="tearDown()[pri:0, instance:com.oranghrm.test.HomePageTest@247bddad]" started-at="2025-05-21T14:57:07 PDT" name="tearDown" finished-at="2025-05-21T14:57:07 PDT" duration-ms="362" status="PASS">
          <reporter-output>
          </reporter-output>
        </test-method> <!-- tearDown -->
      </class> <!-- com.oranghrm.test.HomePageTest -->
    </test> <!-- Test -->
  </suite> <!-- Suite -->
</testng-results>
