<?xml version="1.0" encoding="UTF-8"?>
<!-- Generated by org.testng.reporters.JUnitXMLReporter -->
<testsuite ignored="0" hostname="LAPTOP-6A3TN1OQ" failures="0" tests="3" name="Test" time="6.211" errors="0" timestamp="2025-05-11T07:34:51 PDT">
  <testcase classname="com.test.OrangeHRMTest" name="Login" time="3.106"/>
  <testcase classname="com.test.OrangeHRMTest" name="testAdmin" time="1.832"/>
  <testcase classname="com.test.OrangeHRMTest" name="testLogout" time="1.231"/>
</testsuite> <!-- Test -->
