<?xml version="1.0" encoding="UTF-8"?>
<!-- Generated by org.testng.reporters.JUnitXMLReporter -->
<testsuite ignored="2" hostname="LAPTOP-6A3TN1OQ" failures="0" tests="1" name="Default test" time="0.532" errors="0" timestamp="2025-05-19T14:30:19 PDT">
  <testcase classname="com.oranghrm.test.AdminPageTest" name="loginTest" time="0.507"/>
  <testcase classname="com.oranghrm.test.AdminPageTest" name="clickOnAdminPage" time="0.0">
    <ignored/>
  </testcase> <!-- clickOnAdminPage -->
  <testcase classname="com.oranghrm.test.AdminPageTest" name="logOutAdminPage" time="0.0">
    <ignored/>
  </testcase> <!-- logOutAdminPage -->
</testsuite> <!-- Default test -->
