<?xml version="1.0" encoding="UTF-8"?>
<!-- Generated by org.testng.reporters.JUnitXMLReporter -->
<testsuite ignored="1" hostname="LAPTOP-6A3TN1OQ" failures="0" tests="3" name="Default test" time="0.068" errors="0" timestamp="2025-05-10T19:44:25 PDT">
  <testcase classname="testNGDemo.PriorityDemo" name="test4" time="0.011"/>
  <testcase classname="testNGDemo.PriorityDemo" name="test1" time="0.002"/>
  <testcase classname="testNGDemo.PriorityDemo" name="test2" time="0.003"/>
  <testcase classname="testNGDemo.PriorityDemo" name="test3" time="0.0">
    <ignored/>
  </testcase> <!-- test3 -->
</testsuite> <!-- Default test -->
