<?xml version="1.0" encoding="UTF-8"?>
<!-- Generated by org.testng.reporters.JUnitXMLReporter -->
<testsuite ignored="2" hostname="LAPTOP-6A3TN1OQ" failures="0" tests="3" name="Test" time="25.271" errors="0" timestamp="2025-05-21T14:57:16 PDT">
  <testcase classname="com.oranghrm.test.LoginPageTest" name="loginToApplication" time="1.74"/>
  <testcase classname="com.oranghrm.test.HomePageTest" name="logOutFromApplication" time="2.092"/>
  <testcase classname="com.oranghrm.test.AdminPageTest" name="loginClickAdminAndLogout" time="4.263"/>
  <testcase classname="com.oranghrm.test.BaseTest" name="@BeforeSuite setUpSuite" time="0.0">
    <ignored/>
  </testcase> <!-- @BeforeSuite setUpSuite -->
  <testcase classname="com.oranghrm.test.BaseTest" name="@BeforeSuite setUpSuite" time="0.0">
    <ignored/>
  </testcase> <!-- @BeforeSuite setUpSuite -->
</testsuite> <!-- Test -->
